<?xml version="1.0" encoding="UTF-8"?>
<!-- Generated by org.testng.reporters.JUnitXMLReporter -->
<testsuite ignored="40" hostname="LAPTOP-7ON1HGJ6" failures="0" tests="1" name="Default test" time="12.446" errors="0" timestamp="2021-12-10T18:09:59 IST">
  <testcase classname="testCases.LoginApp" name="notification" time="12.359"/>
  <testcase classname="testCases.LoginApp" name="professions" time="0.0">
    <ignored/>
  </testcase> <!-- professions -->
  <testcase classname="testCases.LoginApp" name="industryCardShare" time="0.0">
    <ignored/>
  </testcase> <!-- industryCardShare -->
  <testcase classname="testCases.LoginApp" name="privacy" time="0.0">
    <ignored/>
  </testcase> <!-- privacy -->
  <testcase classname="testCases.LoginApp" name="favouriteTags" time="0.0">
    <ignored/>
  </testcase> <!-- favouriteTags -->
  <testcase classname="testCases.LoginApp" name="notificationSettings" time="0.0">
    <ignored/>
  </testcase> <!-- notificationSettings -->
  <testcase classname="testCases.LoginApp" name="companySearch" time="0.0">
    <ignored/>
  </testcase> <!-- companySearch -->
  <testcase classname="testCases.LoginApp" name="feedback" time="0.0">
    <ignored/>
  </testcase> <!-- feedback -->
  <testcase classname="testCases.LoginApp" name="cardRemove" time="0.0">
    <ignored/>
  </testcase> <!-- cardRemove -->
  <testcase classname="testCases.LoginApp" name="professionCardShare" time="0.0">
    <ignored/>
  </testcase> <!-- professionCardShare -->
  <testcase classname="testCases.LoginApp" name="referAndEarn" time="0.0">
    <ignored/>
  </testcase> <!-- referAndEarn -->
  <testcase classname="testCases.LoginApp" name="myPlans" time="0.0">
    <ignored/>
  </testcase> <!-- myPlans -->
  <testcase classname="testCases.LoginApp" name="tagUpdate" time="0.0">
    <ignored/>
  </testcase> <!-- tagUpdate -->
  <testcase classname="testCases.LoginApp" name="tagContact" time="0.0">
    <ignored/>
  </testcase> <!-- tagContact -->
  <testcase classname="testCases.LoginApp" name="shareCards" time="0.0">
    <ignored/>
  </testcase> <!-- shareCards -->
  <testcase classname="testCases.LoginApp" name="forgotPassword" time="0.0">
    <ignored/>
  </testcase> <!-- forgotPassword -->
  <testcase classname="testCases.LoginApp" name="logout" time="0.0">
    <ignored/>
  </testcase> <!-- logout -->
  <testcase classname="testCases.LoginApp" name="tagCardRemove" time="0.0">
    <ignored/>
  </testcase> <!-- tagCardRemove -->
  <testcase classname="testCases.LoginApp" name="companies" time="0.0">
    <ignored/>
  </testcase> <!-- companies -->
  <testcase classname="testCases.LoginApp" name="tagCardShare" time="0.0">
    <ignored/>
  </testcase> <!-- tagCardShare -->
  <testcase classname="testCases.LoginApp" name="contact" time="0.0">
    <ignored/>
  </testcase> <!-- contact -->
  <testcase classname="testCases.LoginApp" name="myCard" time="0.0">
    <ignored/>
  </testcase> <!-- myCard -->
  <testcase classname="testCases.LoginApp" name="logged" time="0.0">
    <ignored/>
  </testcase> <!-- logged -->
  <testcase classname="testCases.LoginApp" name="companyCardRemove" time="0.0">
    <ignored/>
  </testcase> <!-- companyCardRemove -->
  <testcase classname="testCases.LoginApp" name="setupNewCard" time="0.0">
    <ignored/>
  </testcase> <!-- setupNewCard -->
  <testcase classname="testCases.LoginApp" name="favouriteContactCard" time="0.0">
    <ignored/>
  </testcase> <!-- favouriteContactCard -->
  <testcase classname="testCases.LoginApp" name="tagContactTags" time="0.0">
    <ignored/>
  </testcase> <!-- tagContactTags -->
  <testcase classname="testCases.LoginApp" name="profile" time="0.0">
    <ignored/>
  </testcase> <!-- profile -->
  <testcase classname="testCases.LoginApp" name="professionCardRemove" time="0.0">
    <ignored/>
  </testcase> <!-- professionCardRemove -->
  <testcase classname="testCases.LoginApp" name="industryCardRemove" time="0.0">
    <ignored/>
  </testcase> <!-- industryCardRemove -->
  <testcase classname="testCases.LoginApp" name="tagDelete" time="0.0">
    <ignored/>
  </testcase> <!-- tagDelete -->
  <testcase classname="testCases.LoginApp" name="professionTags" time="0.0">
    <ignored/>
  </testcase> <!-- professionTags -->
  <testcase classname="testCases.LoginApp" name="globalSearch" time="0.0">
    <ignored/>
  </testcase> <!-- globalSearch -->
  <testcase classname="testCases.LoginApp" name="favouiteCardRemove" time="0.0">
    <ignored/>
  </testcase> <!-- favouiteCardRemove -->
  <testcase classname="testCases.LoginApp" name="industriesTags" time="0.0">
    <ignored/>
  </testcase> <!-- industriesTags -->
  <testcase classname="testCases.LoginApp" name="companiesTags" time="0.0">
    <ignored/>
  </testcase> <!-- companiesTags -->
  <testcase classname="testCases.LoginApp" name="companyCardShare" time="0.0">
    <ignored/>
  </testcase> <!-- companyCardShare -->
  <testcase classname="testCases.LoginApp" name="contactTags" time="0.0">
    <ignored/>
  </testcase> <!-- contactTags -->
  <testcase classname="testCases.LoginApp" name="industries" time="0.0">
    <ignored/>
  </testcase> <!-- industries -->
  <testcase classname="testCases.LoginApp" name="cardsShareToFavourite" time="0.0">
    <ignored/>
  </testcase> <!-- cardsShareToFavourite -->
  <testcase classname="testCases.LoginApp" name="viewDeleteCard" time="0.0">
    <ignored/>
  </testcase> <!-- viewDeleteCard -->
</testsuite> <!-- Default test -->
