<?xml version="1.0" encoding="UTF-8"?>
<testng-results ignored="40" total="41" passed="1" failed="0" skipped="0">
  <reporter-output>
  </reporter-output>
  <suite started-at="2021-12-10T18:09:46 IST" name="Default suite" finished-at="2021-12-10T18:09:59 IST" duration-ms="12446">
    <groups>
    </groups>
    <test started-at="2021-12-10T18:09:46 IST" name="Default test" finished-at="2021-12-10T18:09:59 IST" duration-ms="12446">
      <class name="testCases.LoginApp">
        <test-method signature="notification()[pri:0, instance:testCases.LoginApp@58cbafc2]" started-at="2021-12-10T18:09:46 IST" name="notification" finished-at="2021-12-10T18:09:59 IST" duration-ms="12359" status="PASS">
          <reporter-output>
          </reporter-output>
        </test-method> <!-- notification -->
      </class> <!-- testCases.LoginApp -->
    </test> <!-- Default test -->
  </suite> <!-- Default suite -->
</testng-results>
